2016-07-21 17:04:22 Error: [MissingControllerException] Controller class CssController could not be found.
Exception Attributes: array (
  'class' => 'CssController',
  'plugin' => NULL,
)
Request URL: /sisventas/css/cake.css
Stack Trace:
#0 C:\xampp\htdocs\sisventas\app\webroot\index.php(111): Dispatcher->dispatch(Object(CakeRequest), Object(CakeResponse))
#1 {main}
2016-07-21 17:08:04 Error: [MissingControllerException] Controller class CssController could not be found.
Exception Attributes: array (
  'class' => 'CssController',
  'plugin' => NULL,
)
Request URL: /sisventas/css/cake.css
Stack Trace:
#0 C:\xampp\htdocs\sisventas\app\webroot\index.php(111): Dispatcher->dispatch(Object(CakeRequest), Object(CakeResponse))
#1 {main}
2016-07-21 17:08:29 Error: [MissingControllerException] Controller class CssController could not be found.
Exception Attributes: array (
  'class' => 'CssController',
  'plugin' => NULL,
)
Request URL: /sisventas/css/cake.css
Stack Trace:
#0 C:\xampp\htdocs\sisventas\app\webroot\index.php(111): Dispatcher->dispatch(Object(CakeRequest), Object(CakeResponse))
#1 {main}
2016-07-21 17:09:09 Error: [MissingControllerException] Controller class CssController could not be found.
Exception Attributes: array (
  'class' => 'CssController',
  'plugin' => NULL,
)
Request URL: /sisventas/css/cake.css
Stack Trace:
#0 C:\xampp\htdocs\sisventas\app\webroot\index.php(111): Dispatcher->dispatch(Object(CakeRequest), Object(CakeResponse))
#1 {main}
2016-07-21 17:11:29 Error: [MissingControllerException] Controller class CssController could not be found.
Exception Attributes: array (
  'class' => 'CssController',
  'plugin' => NULL,
)
Request URL: /sisventas/css/cake.css
Stack Trace:
#0 C:\xampp\htdocs\sisventas\app\webroot\index.php(111): Dispatcher->dispatch(Object(CakeRequest), Object(CakeResponse))
#1 {main}
2016-07-21 17:13:43 Error: [MissingControllerException] Controller class CssController could not be found.
Exception Attributes: array (
  'class' => 'CssController',
  'plugin' => NULL,
)
Request URL: /sisventas/css/cake.css
Stack Trace:
#0 C:\xampp\htdocs\sisventas\app\webroot\index.php(111): Dispatcher->dispatch(Object(CakeRequest), Object(CakeResponse))
#1 {main}
2016-07-21 17:13:47 Error: [MissingControllerException] Controller class CssController could not be found.
Exception Attributes: array (
  'class' => 'CssController',
  'plugin' => NULL,
)
Request URL: /sisventas/css/cake.css
Stack Trace:
#0 C:\xampp\htdocs\sisventas\app\webroot\index.php(111): Dispatcher->dispatch(Object(CakeRequest), Object(CakeResponse))
#1 {main}
2016-07-24 20:42:50 Error: Fatal Error (4): syntax error, unexpected '=>' (T_DOUBLE_ARROW) in [C:\xampp\htdocs\sisventas\app\View\Layouts\default.ctp, line 63]
2016-07-24 20:42:50 Error: [FatalErrorException] syntax error, unexpected '=>' (T_DOUBLE_ARROW)
Request URL: /sisventas/
Stack Trace:
#0 C:\xampp\htdocs\sisventas\lib\Cake\Error\ErrorHandler.php(213): ErrorHandler::handleFatalError(4, 'syntax error, u...', 'C:\\xampp\\htdocs...', 63)
#1 [internal function]: ErrorHandler::handleError(4, 'syntax error, u...', 'C:\\xampp\\htdocs...', 63, Array)
#2 C:\xampp\htdocs\sisventas\lib\Cake\Core\App.php(970): call_user_func('ErrorHandler::h...', 4, 'syntax error, u...', 'C:\\xampp\\htdocs...', 63, Array)
#3 C:\xampp\htdocs\sisventas\lib\Cake\Core\App.php(943): App::_checkFatalError()
#4 [internal function]: App::shutdown()
#5 {main}
2016-07-24 20:43:07 Error: Fatal Error (4): syntax error, unexpected '=>' (T_DOUBLE_ARROW) in [C:\xampp\htdocs\sisventas\app\View\Layouts\default.ctp, line 63]
2016-07-24 20:43:07 Error: [FatalErrorException] syntax error, unexpected '=>' (T_DOUBLE_ARROW)
Request URL: /sisventas/
Stack Trace:
#0 C:\xampp\htdocs\sisventas\lib\Cake\Error\ErrorHandler.php(213): ErrorHandler::handleFatalError(4, 'syntax error, u...', 'C:\\xampp\\htdocs...', 63)
#1 [internal function]: ErrorHandler::handleError(4, 'syntax error, u...', 'C:\\xampp\\htdocs...', 63, Array)
#2 C:\xampp\htdocs\sisventas\lib\Cake\Core\App.php(970): call_user_func('ErrorHandler::h...', 4, 'syntax error, u...', 'C:\\xampp\\htdocs...', 63, Array)
#3 C:\xampp\htdocs\sisventas\lib\Cake\Core\App.php(943): App::_checkFatalError()
#4 [internal function]: App::shutdown()
#5 {main}
2016-07-24 21:04:17 Error: [MissingControllerException] Controller class JsController could not be found.
Exception Attributes: array (
  'class' => 'JsController',
  'plugin' => NULL,
)
Request URL: /sisventas/js/app/perfil.js
Stack Trace:
#0 C:\xampp\htdocs\sisventas\app\webroot\index.php(111): Dispatcher->dispatch(Object(CakeRequest), Object(CakeResponse))
#1 {main}
2016-07-24 21:08:41 Error: [MissingControllerException] Controller class JsController could not be found.
Exception Attributes: array (
  'class' => 'JsController',
  'plugin' => NULL,
)
Request URL: /sisventas/js/app/perfil.js
Stack Trace:
#0 C:\xampp\htdocs\sisventas\app\webroot\index.php(111): Dispatcher->dispatch(Object(CakeRequest), Object(CakeResponse))
#1 {main}
2016-07-24 21:20:13 Error: [MissingControllerException] Controller class PerfilsController could not be found.
Exception Attributes: array (
  'class' => 'PerfilsController',
  'plugin' => NULL,
)
Request URL: /sisventas/perfils
Stack Trace:
#0 C:\xampp\htdocs\sisventas\app\webroot\index.php(111): Dispatcher->dispatch(Object(CakeRequest), Object(CakeResponse))
#1 {main}
2016-07-24 21:20:48 Error: [MissingControllerException] Controller class PerfilsController could not be found.
Exception Attributes: array (
  'class' => 'PerfilsController',
  'plugin' => NULL,
)
Request URL: /sisventas/perfils
Stack Trace:
#0 C:\xampp\htdocs\sisventas\app\webroot\index.php(111): Dispatcher->dispatch(Object(CakeRequest), Object(CakeResponse))
#1 {main}
2016-07-24 21:21:15 Error: [MissingControllerException] Controller class PerfilsController could not be found.
Exception Attributes: array (
  'class' => 'PerfilsController',
  'plugin' => NULL,
)
Request URL: /sisventas/perfils
Stack Trace:
#0 C:\xampp\htdocs\sisventas\app\webroot\index.php(111): Dispatcher->dispatch(Object(CakeRequest), Object(CakeResponse))
#1 {main}
2016-07-24 21:22:30 Error: [MissingControllerException] Controller class PerfilsController could not be found.
Exception Attributes: array (
  'class' => 'PerfilsController',
  'plugin' => NULL,
)
Request URL: /sisventas/perfils
Stack Trace:
#0 C:\xampp\htdocs\sisventas\app\webroot\index.php(111): Dispatcher->dispatch(Object(CakeRequest), Object(CakeResponse))
#1 {main}
2016-07-24 21:22:39 Error: Fatal Error (4): syntax error, unexpected '$this' (T_VARIABLE) in [C:\xampp\htdocs\sisventas\app\Controller\RolsController.php, line 73]
2016-07-24 21:22:39 Error: [FatalErrorException] syntax error, unexpected '$this' (T_VARIABLE)
Request URL: /sisventas/Rols
Stack Trace:
#0 C:\xampp\htdocs\sisventas\lib\Cake\Error\ErrorHandler.php(213): ErrorHandler::handleFatalError(4, 'syntax error, u...', 'C:\\xampp\\htdocs...', 73)
#1 [internal function]: ErrorHandler::handleError(4, 'syntax error, u...', 'C:\\xampp\\htdocs...', 73, Array)
#2 C:\xampp\htdocs\sisventas\lib\Cake\Core\App.php(970): call_user_func('ErrorHandler::h...', 4, 'syntax error, u...', 'C:\\xampp\\htdocs...', 73, Array)
#3 C:\xampp\htdocs\sisventas\lib\Cake\Core\App.php(943): App::_checkFatalError()
#4 [internal function]: App::shutdown()
#5 {main}
2016-07-24 21:23:11 Error: Fatal Error (4): syntax error, unexpected '$this' (T_VARIABLE) in [C:\xampp\htdocs\sisventas\app\Controller\RolsController.php, line 73]
2016-07-24 21:23:11 Error: [FatalErrorException] syntax error, unexpected '$this' (T_VARIABLE)
Request URL: /sisventas/Rols
Stack Trace:
#0 C:\xampp\htdocs\sisventas\lib\Cake\Error\ErrorHandler.php(213): ErrorHandler::handleFatalError(4, 'syntax error, u...', 'C:\\xampp\\htdocs...', 73)
#1 [internal function]: ErrorHandler::handleError(4, 'syntax error, u...', 'C:\\xampp\\htdocs...', 73, Array)
#2 C:\xampp\htdocs\sisventas\lib\Cake\Core\App.php(970): call_user_func('ErrorHandler::h...', 4, 'syntax error, u...', 'C:\\xampp\\htdocs...', 73, Array)
#3 C:\xampp\htdocs\sisventas\lib\Cake\Core\App.php(943): App::_checkFatalError()
#4 [internal function]: App::shutdown()
#5 {main}
2016-07-24 21:26:32 Error: Fatal Error (4): syntax error, unexpected '$this' (T_VARIABLE) in [C:\xampp\htdocs\sisventas\app\Controller\RolsController.php, line 73]
2016-07-24 21:26:32 Error: [FatalErrorException] syntax error, unexpected '$this' (T_VARIABLE)
Request URL: /sisventas/Rols
Stack Trace:
#0 C:\xampp\htdocs\sisventas\lib\Cake\Error\ErrorHandler.php(213): ErrorHandler::handleFatalError(4, 'syntax error, u...', 'C:\\xampp\\htdocs...', 73)
#1 [internal function]: ErrorHandler::handleError(4, 'syntax error, u...', 'C:\\xampp\\htdocs...', 73, Array)
#2 C:\xampp\htdocs\sisventas\lib\Cake\Core\App.php(970): call_user_func('ErrorHandler::h...', 4, 'syntax error, u...', 'C:\\xampp\\htdocs...', 73, Array)
#3 C:\xampp\htdocs\sisventas\lib\Cake\Core\App.php(943): App::_checkFatalError()
#4 [internal function]: App::shutdown()
#5 {main}
2016-07-24 21:27:13 Error: Fatal Error (4): syntax error, unexpected '$this' (T_VARIABLE) in [C:\xampp\htdocs\sisventas\app\Controller\RolsController.php, line 73]
2016-07-24 21:27:13 Error: [FatalErrorException] syntax error, unexpected '$this' (T_VARIABLE)
Request URL: /sisventas/Rols
Stack Trace:
#0 C:\xampp\htdocs\sisventas\lib\Cake\Error\ErrorHandler.php(213): ErrorHandler::handleFatalError(4, 'syntax error, u...', 'C:\\xampp\\htdocs...', 73)
#1 [internal function]: ErrorHandler::handleError(4, 'syntax error, u...', 'C:\\xampp\\htdocs...', 73, Array)
#2 C:\xampp\htdocs\sisventas\lib\Cake\Core\App.php(970): call_user_func('ErrorHandler::h...', 4, 'syntax error, u...', 'C:\\xampp\\htdocs...', 73, Array)
#3 C:\xampp\htdocs\sisventas\lib\Cake\Core\App.php(943): App::_checkFatalError()
#4 [internal function]: App::shutdown()
#5 {main}
2016-07-24 21:28:59 Error: Fatal Error (4): syntax error, unexpected '$this' (T_VARIABLE) in [C:\xampp\htdocs\sisventas\app\Controller\RolsController.php, line 73]
2016-07-24 21:28:59 Error: [FatalErrorException] syntax error, unexpected '$this' (T_VARIABLE)
Request URL: /sisventas/Rols
Stack Trace:
#0 C:\xampp\htdocs\sisventas\lib\Cake\Error\ErrorHandler.php(213): ErrorHandler::handleFatalError(4, 'syntax error, u...', 'C:\\xampp\\htdocs...', 73)
#1 [internal function]: ErrorHandler::handleError(4, 'syntax error, u...', 'C:\\xampp\\htdocs...', 73, Array)
#2 C:\xampp\htdocs\sisventas\lib\Cake\Core\App.php(970): call_user_func('ErrorHandler::h...', 4, 'syntax error, u...', 'C:\\xampp\\htdocs...', 73, Array)
#3 C:\xampp\htdocs\sisventas\lib\Cake\Core\App.php(943): App::_checkFatalError()
#4 [internal function]: App::shutdown()
#5 {main}
2016-07-24 21:30:34 Error: [MissingControllerException] Controller class JsController could not be found.
Exception Attributes: array (
  'class' => 'JsController',
  'plugin' => NULL,
)
Request URL: /sisventas/js/app/perfil.js
Stack Trace:
#0 C:\xampp\htdocs\sisventas\app\webroot\index.php(111): Dispatcher->dispatch(Object(CakeRequest), Object(CakeResponse))
#1 {main}
2016-07-24 21:31:16 Error: [MissingControllerException] Controller class JsController could not be found.
Exception Attributes: array (
  'class' => 'JsController',
  'plugin' => NULL,
)
Request URL: /sisventas/js/app/perfil.js
Stack Trace:
#0 C:\xampp\htdocs\sisventas\app\webroot\index.php(111): Dispatcher->dispatch(Object(CakeRequest), Object(CakeResponse))
#1 {main}
2016-07-24 21:31:28 Error: [MissingControllerException] Controller class JsController could not be found.
Exception Attributes: array (
  'class' => 'JsController',
  'plugin' => NULL,
)
Request URL: /sisventas/js/app/perfil.js
Stack Trace:
#0 C:\xampp\htdocs\sisventas\app\webroot\index.php(111): Dispatcher->dispatch(Object(CakeRequest), Object(CakeResponse))
#1 {main}
2016-07-24 21:38:02 Error: [MissingControllerException] Controller class JsController could not be found.
Exception Attributes: array (
  'class' => 'JsController',
  'plugin' => NULL,
)
Request URL: /sisventas/js/app/perfil.js
Stack Trace:
#0 C:\xampp\htdocs\sisventas\app\webroot\index.php(111): Dispatcher->dispatch(Object(CakeRequest), Object(CakeResponse))
#1 {main}
2016-07-24 21:38:46 Error: [MissingControllerException] Controller class JsController could not be found.
Exception Attributes: array (
  'class' => 'JsController',
  'plugin' => NULL,
)
Request URL: /sisventas/js/app/perfil.js
Stack Trace:
#0 C:\xampp\htdocs\sisventas\app\webroot\index.php(111): Dispatcher->dispatch(Object(CakeRequest), Object(CakeResponse))
#1 {main}
2016-07-24 21:39:42 Error: [MissingControllerException] Controller class JsController could not be found.
Exception Attributes: array (
  'class' => 'JsController',
  'plugin' => NULL,
)
Request URL: /sisventas/js/app/perfil.js
Stack Trace:
#0 C:\xampp\htdocs\sisventas\app\webroot\index.php(111): Dispatcher->dispatch(Object(CakeRequest), Object(CakeResponse))
#1 {main}
2016-07-24 21:39:57 Error: [MissingControllerException] Controller class JsController could not be found.
Exception Attributes: array (
  'class' => 'JsController',
  'plugin' => NULL,
)
Request URL: /sisventas/js/app/perfil.js
Stack Trace:
#0 C:\xampp\htdocs\sisventas\app\webroot\index.php(111): Dispatcher->dispatch(Object(CakeRequest), Object(CakeResponse))
#1 {main}
2016-07-24 21:40:11 Error: [MissingControllerException] Controller class JsController could not be found.
Exception Attributes: array (
  'class' => 'JsController',
  'plugin' => NULL,
)
Request URL: /sisventas/js/app/perfil.js
Stack Trace:
#0 C:\xampp\htdocs\sisventas\app\webroot\index.php(111): Dispatcher->dispatch(Object(CakeRequest), Object(CakeResponse))
#1 {main}
2016-07-24 21:49:11 Error: [MissingActionException] Action RolsController::Rols() could not be found.
Exception Attributes: array (
  'controller' => 'RolsController',
  'action' => 'Rols',
)
Request URL: /sisventas/Rols/Rols/data_server?draw=1&columns%5B0%5D%5Bdata%5D=0&columns%5B0%5D%5Bname%5D=&columns%5B0%5D%5Bsearchable%5D=true&columns%5B0%5D%5Borderable%5D=true&columns%5B0%5D%5Bsearch%5D%5Bvalue%5D=&columns%5B0%5D%5Bsearch%5D%5Bregex%5D=false&columns%5B1%5D%5Bdata%5D=1&columns%5B1%5D%5Bname%5D=&columns%5B1%5D%5Bsearchable%5D=true&columns%5B1%5D%5Borderable%5D=true&columns%5B1%5D%5Bsearch%5D%5Bvalue%5D=&columns%5B1%5D%5Bsearch%5D%5Bregex%5D=false&columns%5B2%5D%5Bdata%5D=2&columns%5B2%5D%5Bname%5D=&columns%5B2%5D%5Bsearchable%5D=true&columns%5B2%5D%5Borderable%5D=true&columns%5B2%5D%5Bsearch%5D%5Bvalue%5D=&columns%5B2%5D%5Bsearch%5D%5Bregex%5D=false&order%5B0%5D%5Bcolumn%5D=0&order%5B0%5D%5Bdir%5D=asc&start=0&length=10&search%5Bvalue%5D=&search%5Bregex%5D=false&_=1469389750770
Stack Trace:
#0 C:\xampp\htdocs\sisventas\lib\Cake\Routing\Dispatcher.php(193): Controller->invokeAction(Object(CakeRequest))
#1 C:\xampp\htdocs\sisventas\lib\Cake\Routing\Dispatcher.php(167): Dispatcher->_invoke(Object(RolsController), Object(CakeRequest))
#2 C:\xampp\htdocs\sisventas\app\webroot\index.php(111): Dispatcher->dispatch(Object(CakeRequest), Object(CakeResponse))
#3 {main}
2016-07-24 21:49:43 Error: [MissingActionException] Action RolsController::Rols() could not be found.
Exception Attributes: array (
  'controller' => 'RolsController',
  'action' => 'Rols',
)
Request URL: /sisventas/Rols/Rols/data_server?draw=1&columns%5B0%5D%5Bdata%5D=0&columns%5B0%5D%5Bname%5D=&columns%5B0%5D%5Bsearchable%5D=true&columns%5B0%5D%5Borderable%5D=true&columns%5B0%5D%5Bsearch%5D%5Bvalue%5D=&columns%5B0%5D%5Bsearch%5D%5Bregex%5D=false&columns%5B1%5D%5Bdata%5D=1&columns%5B1%5D%5Bname%5D=&columns%5B1%5D%5Bsearchable%5D=true&columns%5B1%5D%5Borderable%5D=true&columns%5B1%5D%5Bsearch%5D%5Bvalue%5D=&columns%5B1%5D%5Bsearch%5D%5Bregex%5D=false&columns%5B2%5D%5Bdata%5D=2&columns%5B2%5D%5Bname%5D=&columns%5B2%5D%5Bsearchable%5D=true&columns%5B2%5D%5Borderable%5D=true&columns%5B2%5D%5Bsearch%5D%5Bvalue%5D=&columns%5B2%5D%5Bsearch%5D%5Bregex%5D=false&order%5B0%5D%5Bcolumn%5D=0&order%5B0%5D%5Bdir%5D=asc&start=0&length=10&search%5Bvalue%5D=&search%5Bregex%5D=false&_=1469389783300
Stack Trace:
#0 C:\xampp\htdocs\sisventas\lib\Cake\Routing\Dispatcher.php(193): Controller->invokeAction(Object(CakeRequest))
#1 C:\xampp\htdocs\sisventas\lib\Cake\Routing\Dispatcher.php(167): Dispatcher->_invoke(Object(RolsController), Object(CakeRequest))
#2 C:\xampp\htdocs\sisventas\app\webroot\index.php(111): Dispatcher->dispatch(Object(CakeRequest), Object(CakeResponse))
#3 {main}
2016-07-24 21:50:54 Error: [MissingDatasourceConfigException] The datasource configuration "general" was not found in database.php
Exception Attributes: array (
  'config' => 'general',
)
Request URL: /sisventas/Rols/data_server?draw=1&columns%5B0%5D%5Bdata%5D=0&columns%5B0%5D%5Bname%5D=&columns%5B0%5D%5Bsearchable%5D=true&columns%5B0%5D%5Borderable%5D=true&columns%5B0%5D%5Bsearch%5D%5Bvalue%5D=&columns%5B0%5D%5Bsearch%5D%5Bregex%5D=false&columns%5B1%5D%5Bdata%5D=1&columns%5B1%5D%5Bname%5D=&columns%5B1%5D%5Bsearchable%5D=true&columns%5B1%5D%5Borderable%5D=true&columns%5B1%5D%5Bsearch%5D%5Bvalue%5D=&columns%5B1%5D%5Bsearch%5D%5Bregex%5D=false&columns%5B2%5D%5Bdata%5D=2&columns%5B2%5D%5Bname%5D=&columns%5B2%5D%5Bsearchable%5D=true&columns%5B2%5D%5Borderable%5D=true&columns%5B2%5D%5Bsearch%5D%5Bvalue%5D=&columns%5B2%5D%5Bsearch%5D%5Bregex%5D=false&order%5B0%5D%5Bcolumn%5D=0&order%5B0%5D%5Bdir%5D=asc&start=0&length=10&search%5Bvalue%5D=&search%5Bregex%5D=false&_=1469389854519
Stack Trace:
#0 C:\xampp\htdocs\sisventas\lib\Cake\Model\ConnectionManager.php(91): ConnectionManager::_getConnectionObject('general')
#1 C:\xampp\htdocs\sisventas\lib\Cake\Model\Model.php(3626): ConnectionManager::getDataSource('general')
#2 C:\xampp\htdocs\sisventas\lib\Cake\Model\Model.php(1155): Model->setDataSource('general')
#3 C:\xampp\htdocs\sisventas\lib\Cake\Model\Model.php(3653): Model->setSource('rols')
#4 C:\xampp\htdocs\sisventas\lib\Cake\Model\Model.php(3455): Model->getDataSource()
#5 C:\xampp\htdocs\sisventas\app\Controller\RolsController.php(20): Model->query('SELECT * FROM p...')
#6 [internal function]: RolsController->data_server()
#7 C:\xampp\htdocs\sisventas\lib\Cake\Controller\Controller.php(491): ReflectionMethod->invokeArgs(Object(RolsController), Array)
#8 C:\xampp\htdocs\sisventas\lib\Cake\Routing\Dispatcher.php(193): Controller->invokeAction(Object(CakeRequest))
#9 C:\xampp\htdocs\sisventas\lib\Cake\Routing\Dispatcher.php(167): Dispatcher->_invoke(Object(RolsController), Object(CakeRequest))
#10 C:\xampp\htdocs\sisventas\app\webroot\index.php(111): Dispatcher->dispatch(Object(CakeRequest), Object(CakeResponse))
#11 {main}
2016-07-24 21:51:53 Error: [MissingDatasourceConfigException] The datasource configuration "general" was not found in database.php
Exception Attributes: array (
  'config' => 'general',
)
Request URL: /sisventas/Rols/data_server?draw=1&columns%5B0%5D%5Bdata%5D=0&columns%5B0%5D%5Bname%5D=&columns%5B0%5D%5Bsearchable%5D=true&columns%5B0%5D%5Borderable%5D=true&columns%5B0%5D%5Bsearch%5D%5Bvalue%5D=&columns%5B0%5D%5Bsearch%5D%5Bregex%5D=false&columns%5B1%5D%5Bdata%5D=1&columns%5B1%5D%5Bname%5D=&columns%5B1%5D%5Bsearchable%5D=true&columns%5B1%5D%5Borderable%5D=true&columns%5B1%5D%5Bsearch%5D%5Bvalue%5D=&columns%5B1%5D%5Bsearch%5D%5Bregex%5D=false&columns%5B2%5D%5Bdata%5D=2&columns%5B2%5D%5Bname%5D=&columns%5B2%5D%5Bsearchable%5D=true&columns%5B2%5D%5Borderable%5D=true&columns%5B2%5D%5Bsearch%5D%5Bvalue%5D=&columns%5B2%5D%5Bsearch%5D%5Bregex%5D=false&order%5B0%5D%5Bcolumn%5D=0&order%5B0%5D%5Bdir%5D=asc&start=0&length=10&search%5Bvalue%5D=&search%5Bregex%5D=false&_=1469389912633
Stack Trace:
#0 C:\xampp\htdocs\sisventas\lib\Cake\Model\ConnectionManager.php(91): ConnectionManager::_getConnectionObject('general')
#1 C:\xampp\htdocs\sisventas\lib\Cake\Model\Model.php(3626): ConnectionManager::getDataSource('general')
#2 C:\xampp\htdocs\sisventas\lib\Cake\Model\Model.php(1155): Model->setDataSource('general')
#3 C:\xampp\htdocs\sisventas\lib\Cake\Model\Model.php(3653): Model->setSource('rols')
#4 C:\xampp\htdocs\sisventas\lib\Cake\Model\Model.php(3455): Model->getDataSource()
#5 C:\xampp\htdocs\sisventas\app\Controller\RolsController.php(20): Model->query('SELECT * FROM r...')
#6 [internal function]: RolsController->data_server()
#7 C:\xampp\htdocs\sisventas\lib\Cake\Controller\Controller.php(491): ReflectionMethod->invokeArgs(Object(RolsController), Array)
#8 C:\xampp\htdocs\sisventas\lib\Cake\Routing\Dispatcher.php(193): Controller->invokeAction(Object(CakeRequest))
#9 C:\xampp\htdocs\sisventas\lib\Cake\Routing\Dispatcher.php(167): Dispatcher->_invoke(Object(RolsController), Object(CakeRequest))
#10 C:\xampp\htdocs\sisventas\app\webroot\index.php(111): Dispatcher->dispatch(Object(CakeRequest), Object(CakeResponse))
#11 {main}
2016-07-24 21:58:04 Error: [PDOException] SQLSTATE[23502]: Not null violation: 7 ERROR:  el valor null para la columna «id» viola la restricción not null
DETAIL:  La fila que falla contiene (null, ADMINISTRADOR, A).
Request URL: /sisventas/Rols/add
Stack Trace:
#0 C:\xampp\htdocs\sisventas\lib\Cake\Model\Datasource\DboSource.php(461): PDOStatement->execute(Array)
#1 C:\xampp\htdocs\sisventas\lib\Cake\Model\Datasource\DboSource.php(427): DboSource->_execute('INSERT INTO "ge...', Array)
#2 C:\xampp\htdocs\sisventas\lib\Cake\Model\Datasource\DboSource.php(1019): DboSource->execute('INSERT INTO "ge...')
#3 C:\xampp\htdocs\sisventas\lib\Cake\Model\Model.php(1933): DboSource->create(Object(Rol), Array, Array)
#4 C:\xampp\htdocs\sisventas\lib\Cake\Model\Model.php(1751): Model->_doSave(Array, Array)
#5 C:\xampp\htdocs\sisventas\app\Controller\RolsController.php(77): Model->save(Array)
#6 [internal function]: RolsController->add()
#7 C:\xampp\htdocs\sisventas\lib\Cake\Controller\Controller.php(491): ReflectionMethod->invokeArgs(Object(RolsController), Array)
#8 C:\xampp\htdocs\sisventas\lib\Cake\Routing\Dispatcher.php(193): Controller->invokeAction(Object(CakeRequest))
#9 C:\xampp\htdocs\sisventas\lib\Cake\Routing\Dispatcher.php(167): Dispatcher->_invoke(Object(RolsController), Object(CakeRequest))
#10 C:\xampp\htdocs\sisventas\app\webroot\index.php(111): Dispatcher->dispatch(Object(CakeRequest), Object(CakeResponse))
#11 {main}
2016-07-24 21:59:34 Error: Fatal Error (4): syntax error, unexpected '=>' (T_DOUBLE_ARROW) in [C:\xampp\htdocs\sisventas\app\Controller\RolsController.php, line 76]
2016-07-24 21:59:34 Error: [FatalErrorException] syntax error, unexpected '=>' (T_DOUBLE_ARROW)
Request URL: /sisventas/Rols/add
Stack Trace:
#0 C:\xampp\htdocs\sisventas\lib\Cake\Error\ErrorHandler.php(213): ErrorHandler::handleFatalError(4, 'syntax error, u...', 'C:\\xampp\\htdocs...', 76)
#1 [internal function]: ErrorHandler::handleError(4, 'syntax error, u...', 'C:\\xampp\\htdocs...', 76, Array)
#2 C:\xampp\htdocs\sisventas\lib\Cake\Core\App.php(970): call_user_func('ErrorHandler::h...', 4, 'syntax error, u...', 'C:\\xampp\\htdocs...', 76, Array)
#3 C:\xampp\htdocs\sisventas\lib\Cake\Core\App.php(943): App::_checkFatalError()
#4 [internal function]: App::shutdown()
#5 {main}
2016-07-24 22:00:00 Error: [PDOException] SQLSTATE[23502]: Not null violation: 7 ERROR:  el valor null para la columna «id» viola la restricción not null
DETAIL:  La fila que falla contiene (null, ADMINISTRADOR, A).
Request URL: /sisventas/Rols/add
Stack Trace:
#0 C:\xampp\htdocs\sisventas\lib\Cake\Model\Datasource\DboSource.php(461): PDOStatement->execute(Array)
#1 C:\xampp\htdocs\sisventas\lib\Cake\Model\Datasource\DboSource.php(427): DboSource->_execute('INSERT INTO "ge...', Array)
#2 C:\xampp\htdocs\sisventas\lib\Cake\Model\Datasource\DboSource.php(1019): DboSource->execute('INSERT INTO "ge...')
#3 C:\xampp\htdocs\sisventas\lib\Cake\Model\Model.php(1933): DboSource->create(Object(Rol), Array, Array)
#4 C:\xampp\htdocs\sisventas\lib\Cake\Model\Model.php(1751): Model->_doSave(Array, Array)
#5 C:\xampp\htdocs\sisventas\app\Controller\RolsController.php(77): Model->save(Array)
#6 [internal function]: RolsController->add()
#7 C:\xampp\htdocs\sisventas\lib\Cake\Controller\Controller.php(491): ReflectionMethod->invokeArgs(Object(RolsController), Array)
#8 C:\xampp\htdocs\sisventas\lib\Cake\Routing\Dispatcher.php(193): Controller->invokeAction(Object(CakeRequest))
#9 C:\xampp\htdocs\sisventas\lib\Cake\Routing\Dispatcher.php(167): Dispatcher->_invoke(Object(RolsController), Object(CakeRequest))
#10 C:\xampp\htdocs\sisventas\app\webroot\index.php(111): Dispatcher->dispatch(Object(CakeRequest), Object(CakeResponse))
#11 {main}
2016-07-24 22:00:20 Error: [PDOException] SQLSTATE[23502]: Not null violation: 7 ERROR:  el valor null para la columna «id» viola la restricción not null
DETAIL:  La fila que falla contiene (null, ADMINISTRADOR, A).
Request URL: /sisventas/Rols/add
Stack Trace:
#0 C:\xampp\htdocs\sisventas\lib\Cake\Model\Datasource\DboSource.php(461): PDOStatement->execute(Array)
#1 C:\xampp\htdocs\sisventas\lib\Cake\Model\Datasource\DboSource.php(427): DboSource->_execute('INSERT INTO "ge...', Array)
#2 C:\xampp\htdocs\sisventas\lib\Cake\Model\Datasource\DboSource.php(1019): DboSource->execute('INSERT INTO "ge...')
#3 C:\xampp\htdocs\sisventas\lib\Cake\Model\Model.php(1933): DboSource->create(Object(Rol), Array, Array)
#4 C:\xampp\htdocs\sisventas\lib\Cake\Model\Model.php(1751): Model->_doSave(Array, Array)
#5 C:\xampp\htdocs\sisventas\app\Controller\RolsController.php(77): Model->save(Array)
#6 [internal function]: RolsController->add()
#7 C:\xampp\htdocs\sisventas\lib\Cake\Controller\Controller.php(491): ReflectionMethod->invokeArgs(Object(RolsController), Array)
#8 C:\xampp\htdocs\sisventas\lib\Cake\Routing\Dispatcher.php(193): Controller->invokeAction(Object(CakeRequest))
#9 C:\xampp\htdocs\sisventas\lib\Cake\Routing\Dispatcher.php(167): Dispatcher->_invoke(Object(RolsController), Object(CakeRequest))
#10 C:\xampp\htdocs\sisventas\app\webroot\index.php(111): Dispatcher->dispatch(Object(CakeRequest), Object(CakeResponse))
#11 {main}
2016-07-24 22:03:41 Error: [MissingDatasourceConfigException] The datasource configuration "default" was not found in database.php
Exception Attributes: array (
  'config' => 'default',
)
Request URL: /sisventas/Rols/data_server?draw=1&columns%5B0%5D%5Bdata%5D=0&columns%5B0%5D%5Bname%5D=&columns%5B0%5D%5Bsearchable%5D=true&columns%5B0%5D%5Borderable%5D=true&columns%5B0%5D%5Bsearch%5D%5Bvalue%5D=&columns%5B0%5D%5Bsearch%5D%5Bregex%5D=false&columns%5B1%5D%5Bdata%5D=1&columns%5B1%5D%5Bname%5D=&columns%5B1%5D%5Bsearchable%5D=true&columns%5B1%5D%5Borderable%5D=true&columns%5B1%5D%5Bsearch%5D%5Bvalue%5D=&columns%5B1%5D%5Bsearch%5D%5Bregex%5D=false&order%5B0%5D%5Bcolumn%5D=0&order%5B0%5D%5Bdir%5D=asc&start=0&length=10&search%5Bvalue%5D=&search%5Bregex%5D=false&_=1469390620725
Stack Trace:
#0 C:\xampp\htdocs\sisventas\lib\Cake\Model\ConnectionManager.php(91): ConnectionManager::_getConnectionObject('default')
#1 C:\xampp\htdocs\sisventas\lib\Cake\Model\Model.php(3626): ConnectionManager::getDataSource('default')
#2 C:\xampp\htdocs\sisventas\lib\Cake\Model\Model.php(1155): Model->setDataSource('default')
#3 C:\xampp\htdocs\sisventas\lib\Cake\Model\Model.php(3653): Model->setSource('rols')
#4 C:\xampp\htdocs\sisventas\lib\Cake\Model\Model.php(3455): Model->getDataSource()
#5 C:\xampp\htdocs\sisventas\app\Controller\RolsController.php(20): Model->query('SELECT * FROM r...')
#6 [internal function]: RolsController->data_server()
#7 C:\xampp\htdocs\sisventas\lib\Cake\Controller\Controller.php(491): ReflectionMethod->invokeArgs(Object(RolsController), Array)
#8 C:\xampp\htdocs\sisventas\lib\Cake\Routing\Dispatcher.php(193): Controller->invokeAction(Object(CakeRequest))
#9 C:\xampp\htdocs\sisventas\lib\Cake\Routing\Dispatcher.php(167): Dispatcher->_invoke(Object(RolsController), Object(CakeRequest))
#10 C:\xampp\htdocs\sisventas\app\webroot\index.php(111): Dispatcher->dispatch(Object(CakeRequest), Object(CakeResponse))
#11 {main}
2016-07-24 22:03:54 Error: [MissingDatasourceConfigException] The datasource configuration "default" was not found in database.php
Exception Attributes: array (
  'config' => 'default',
)
Request URL: /sisventas/Rols/data_server?draw=1&columns%5B0%5D%5Bdata%5D=0&columns%5B0%5D%5Bname%5D=&columns%5B0%5D%5Bsearchable%5D=true&columns%5B0%5D%5Borderable%5D=true&columns%5B0%5D%5Bsearch%5D%5Bvalue%5D=&columns%5B0%5D%5Bsearch%5D%5Bregex%5D=false&columns%5B1%5D%5Bdata%5D=1&columns%5B1%5D%5Bname%5D=&columns%5B1%5D%5Bsearchable%5D=true&columns%5B1%5D%5Borderable%5D=true&columns%5B1%5D%5Bsearch%5D%5Bvalue%5D=&columns%5B1%5D%5Bsearch%5D%5Bregex%5D=false&order%5B0%5D%5Bcolumn%5D=0&order%5B0%5D%5Bdir%5D=asc&start=0&length=10&search%5Bvalue%5D=&search%5Bregex%5D=false&_=1469390634354
Stack Trace:
#0 C:\xampp\htdocs\sisventas\lib\Cake\Model\ConnectionManager.php(91): ConnectionManager::_getConnectionObject('default')
#1 C:\xampp\htdocs\sisventas\lib\Cake\Model\Model.php(3626): ConnectionManager::getDataSource('default')
#2 C:\xampp\htdocs\sisventas\lib\Cake\Model\Model.php(1155): Model->setDataSource('default')
#3 C:\xampp\htdocs\sisventas\lib\Cake\Model\Model.php(3653): Model->setSource('rols')
#4 C:\xampp\htdocs\sisventas\lib\Cake\Model\Model.php(3455): Model->getDataSource()
#5 C:\xampp\htdocs\sisventas\app\Controller\RolsController.php(20): Model->query('SELECT * FROM r...')
#6 [internal function]: RolsController->data_server()
#7 C:\xampp\htdocs\sisventas\lib\Cake\Controller\Controller.php(491): ReflectionMethod->invokeArgs(Object(RolsController), Array)
#8 C:\xampp\htdocs\sisventas\lib\Cake\Routing\Dispatcher.php(193): Controller->invokeAction(Object(CakeRequest))
#9 C:\xampp\htdocs\sisventas\lib\Cake\Routing\Dispatcher.php(167): Dispatcher->_invoke(Object(RolsController), Object(CakeRequest))
#10 C:\xampp\htdocs\sisventas\app\webroot\index.php(111): Dispatcher->dispatch(Object(CakeRequest), Object(CakeResponse))
#11 {main}
2016-07-24 22:17:18 Error: [PDOException] SQLSTATE[42703]: Undefined column: 7 ERROR:  no existe la columna Rol.estad
LINE 1: ...l__estado" FROM "general"."rols" AS "Rol"   WHERE "Rol"."est...
                                                             ^
Request URL: /sisventas/Rols/add
Stack Trace:
#0 C:\xampp\htdocs\sisventas\lib\Cake\Model\Datasource\DboSource.php(461): PDOStatement->execute(Array)
#1 C:\xampp\htdocs\sisventas\lib\Cake\Model\Datasource\DboSource.php(427): DboSource->_execute('SELECT "Rol"."i...', Array)
#2 C:\xampp\htdocs\sisventas\lib\Cake\Model\Datasource\DboSource.php(664): DboSource->execute('SELECT "Rol"."i...', Array, Array)
#3 C:\xampp\htdocs\sisventas\lib\Cake\Model\Datasource\DboSource.php(1113): DboSource->fetchAll('SELECT "Rol"."i...', false)
#4 C:\xampp\htdocs\sisventas\lib\Cake\Model\Model.php(3031): DboSource->read(Object(Rol), Array)
#5 C:\xampp\htdocs\sisventas\lib\Cake\Model\Model.php(3003): Model->_readDataSource('all', Array)
#6 C:\xampp\htdocs\sisventas\app\Controller\RolsController.php(72): Model->find('all', Array)
#7 [internal function]: RolsController->add()
#8 C:\xampp\htdocs\sisventas\lib\Cake\Controller\Controller.php(491): ReflectionMethod->invokeArgs(Object(RolsController), Array)
#9 C:\xampp\htdocs\sisventas\lib\Cake\Routing\Dispatcher.php(193): Controller->invokeAction(Object(CakeRequest))
#10 C:\xampp\htdocs\sisventas\lib\Cake\Routing\Dispatcher.php(167): Dispatcher->_invoke(Object(RolsController), Object(CakeRequest))
#11 C:\xampp\htdocs\sisventas\app\webroot\index.php(111): Dispatcher->dispatch(Object(CakeRequest), Object(CakeResponse))
#12 {main}
2016-08-01 06:28:38 Error: Fatal Error (4): syntax error, unexpected 'echo' (T_ECHO) in [C:\xampp\htdocs\sisventas\app\View\Layouts\default.ctp, line 760]
2016-08-01 06:28:38 Error: [FatalErrorException] syntax error, unexpected 'echo' (T_ECHO)
Request URL: /sisventas/rols
Stack Trace:
#0 C:\xampp\htdocs\sisventas\lib\Cake\Error\ErrorHandler.php(213): ErrorHandler::handleFatalError(4, 'syntax error, u...', 'C:\\xampp\\htdocs...', 760)
#1 [internal function]: ErrorHandler::handleError(4, 'syntax error, u...', 'C:\\xampp\\htdocs...', 760, Array)
#2 C:\xampp\htdocs\sisventas\lib\Cake\Core\App.php(970): call_user_func('ErrorHandler::h...', 4, 'syntax error, u...', 'C:\\xampp\\htdocs...', 760, Array)
#3 C:\xampp\htdocs\sisventas\lib\Cake\Core\App.php(943): App::_checkFatalError()
#4 [internal function]: App::shutdown()
#5 {main}
2016-08-01 06:38:29 Error: [MissingControllerException] Controller class RolsreturnDataController could not be found.
Exception Attributes: array (
  'class' => 'RolsreturnDataController',
  'plugin' => NULL,
)
Request URL: /sisventas/Rolsreturn_data
Stack Trace:
#0 C:\xampp\htdocs\sisventas\app\webroot\index.php(111): Dispatcher->dispatch(Object(CakeRequest), Object(CakeResponse))
#1 {main}
2016-08-01 06:38:51 Error: [MissingViewException] View file "Rols\return_data.ctp" is missing.
Exception Attributes: array (
  'file' => 'Rols\\return_data.ctp',
)
Request URL: /sisventas/Rols/return_data
Stack Trace:
#0 C:\xampp\htdocs\sisventas\lib\Cake\View\View.php(470): View->_getViewFileName(NULL)
#1 C:\xampp\htdocs\sisventas\lib\Cake\Controller\Controller.php(963): View->render(NULL, NULL)
#2 C:\xampp\htdocs\sisventas\lib\Cake\Routing\Dispatcher.php(200): Controller->render()
#3 C:\xampp\htdocs\sisventas\lib\Cake\Routing\Dispatcher.php(167): Dispatcher->_invoke(Object(RolsController), Object(CakeRequest))
#4 C:\xampp\htdocs\sisventas\app\webroot\index.php(111): Dispatcher->dispatch(Object(CakeRequest), Object(CakeResponse))
#5 {main}
2016-08-08 06:27:00 Error: [MissingControllerException] Controller class Data.htmlController could not be found.
Exception Attributes: array (
  'class' => 'Data.htmlController',
  'plugin' => NULL,
)
Request URL: /sisventas/data.html
Stack Trace:
#0 C:\xampp\htdocs\sisventas\app\webroot\index.php(111): Dispatcher->dispatch(Object(CakeRequest), Object(CakeResponse))
#1 {main}
2016-08-08 06:48:11 Error: Fatal Error (1): Class 'AppContModuloler' not found in [C:\xampp\htdocs\sisventas\app\Controller\ModulosController.php, line 4]
2016-08-08 06:48:11 Error: [FatalErrorException] Class 'AppContModuloler' not found
Request URL: /sisventas/modulos
Stack Trace:
#0 C:\xampp\htdocs\sisventas\lib\Cake\Error\ErrorHandler.php(213): ErrorHandler::handleFatalError(1, 'Class 'AppContM...', 'C:\\xampp\\htdocs...', 4)
#1 [internal function]: ErrorHandler::handleError(1, 'Class 'AppContM...', 'C:\\xampp\\htdocs...', 4, Array)
#2 C:\xampp\htdocs\sisventas\lib\Cake\Core\App.php(970): call_user_func('ErrorHandler::h...', 1, 'Class 'AppContM...', 'C:\\xampp\\htdocs...', 4, Array)
#3 C:\xampp\htdocs\sisventas\lib\Cake\Core\App.php(943): App::_checkFatalError()
#4 [internal function]: App::shutdown()
#5 {main}
2016-08-15 07:25:34 Error: [MissingActionException] Action ModulosController::perfils() could not be found.
Exception Attributes: array (
  'controller' => 'ModulosController',
  'action' => 'perfils',
)
Request URL: /sisventas/Modulos/perfils
Stack Trace:
#0 C:\xampp\htdocs\sisventas\lib\Cake\Routing\Dispatcher.php(193): Controller->invokeAction(Object(CakeRequest))
#1 C:\xampp\htdocs\sisventas\lib\Cake\Routing\Dispatcher.php(167): Dispatcher->_invoke(Object(ModulosController), Object(CakeRequest))
#2 C:\xampp\htdocs\sisventas\app\webroot\index.php(111): Dispatcher->dispatch(Object(CakeRequest), Object(CakeResponse))
#3 {main}
2016-08-15 07:25:37 Error: [MissingActionException] Action ModulosController::rols() could not be found.
Exception Attributes: array (
  'controller' => 'ModulosController',
  'action' => 'rols',
)
Request URL: /sisventas/Modulos/rols
Stack Trace:
#0 C:\xampp\htdocs\sisventas\lib\Cake\Routing\Dispatcher.php(193): Controller->invokeAction(Object(CakeRequest))
#1 C:\xampp\htdocs\sisventas\lib\Cake\Routing\Dispatcher.php(167): Dispatcher->_invoke(Object(ModulosController), Object(CakeRequest))
#2 C:\xampp\htdocs\sisventas\app\webroot\index.php(111): Dispatcher->dispatch(Object(CakeRequest), Object(CakeResponse))
#3 {main}
2016-08-15 07:39:19 Error: [MissingControllerException] Controller class CssController could not be found.
Exception Attributes: array (
  'class' => 'CssController',
  'plugin' => NULL,
)
Request URL: /sisventas/css/jquery-ui.css
Stack Trace:
#0 C:\xampp\htdocs\sisventas\app\webroot\index.php(111): Dispatcher->dispatch(Object(CakeRequest), Object(CakeResponse))
#1 {main}
2016-08-15 07:39:19 Error: [MissingControllerException] Controller class CssController could not be found.
Exception Attributes: array (
  'class' => 'CssController',
  'plugin' => NULL,
)
Request URL: /sisventas/css/jquery-ui.theme.css
Stack Trace:
#0 C:\xampp\htdocs\sisventas\app\webroot\index.php(111): Dispatcher->dispatch(Object(CakeRequest), Object(CakeResponse))
#1 {main}
2016-08-15 07:39:19 Error: [MissingControllerException] Controller class JsController could not be found.
Exception Attributes: array (
  'class' => 'JsController',
  'plugin' => NULL,
)
Request URL: /sisventas/js/jquery-ui.js
Stack Trace:
#0 C:\xampp\htdocs\sisventas\app\webroot\index.php(111): Dispatcher->dispatch(Object(CakeRequest), Object(CakeResponse))
#1 {main}
2016-08-15 07:39:19 Error: [MissingControllerException] Controller class CssController could not be found.
Exception Attributes: array (
  'class' => 'CssController',
  'plugin' => NULL,
)
Request URL: /sisventas/css/plugins/switchery/dist/switchery.min.css
Stack Trace:
#0 C:\xampp\htdocs\sisventas\app\webroot\index.php(111): Dispatcher->dispatch(Object(CakeRequest), Object(CakeResponse))
#1 {main}
2016-08-15 07:39:19 Error: [MissingControllerException] Controller class JsController could not be found.
Exception Attributes: array (
  'class' => 'JsController',
  'plugin' => NULL,
)
Request URL: /sisventas/js/plugins/switchery/dist/switchery.min.js
Stack Trace:
#0 C:\xampp\htdocs\sisventas\app\webroot\index.php(111): Dispatcher->dispatch(Object(CakeRequest), Object(CakeResponse))
#1 {main}
2016-08-15 07:39:19 Error: [MissingControllerException] Controller class JsController could not be found.
Exception Attributes: array (
  'class' => 'JsController',
  'plugin' => NULL,
)
Request URL: /sisventas/js/jquery-ui.js
Stack Trace:
#0 C:\xampp\htdocs\sisventas\app\webroot\index.php(111): Dispatcher->dispatch(Object(CakeRequest), Object(CakeResponse))
#1 {main}
2016-08-15 07:39:19 Error: [MissingControllerException] Controller class JsController could not be found.
Exception Attributes: array (
  'class' => 'JsController',
  'plugin' => NULL,
)
Request URL: /sisventas/js/plugins/switchery/dist/switchery.min.js
Stack Trace:
#0 C:\xampp\htdocs\sisventas\app\webroot\index.php(111): Dispatcher->dispatch(Object(CakeRequest), Object(CakeResponse))
#1 {main}
2016-08-15 07:47:24 Error: [MissingControllerException] Controller class CssController could not be found.
Exception Attributes: array (
  'class' => 'CssController',
  'plugin' => NULL,
)
Request URL: /sisventas/css/jquery-ui.theme.css
Stack Trace:
#0 C:\xampp\htdocs\sisventas\app\webroot\index.php(111): Dispatcher->dispatch(Object(CakeRequest), Object(CakeResponse))
#1 {main}
2016-08-15 07:47:24 Error: [MissingControllerException] Controller class CssController could not be found.
Exception Attributes: array (
  'class' => 'CssController',
  'plugin' => NULL,
)
Request URL: /sisventas/css/plugins/switchery/dist/switchery.min.css
Stack Trace:
#0 C:\xampp\htdocs\sisventas\app\webroot\index.php(111): Dispatcher->dispatch(Object(CakeRequest), Object(CakeResponse))
#1 {main}
2016-08-15 07:47:24 Error: [MissingControllerException] Controller class CssController could not be found.
Exception Attributes: array (
  'class' => 'CssController',
  'plugin' => NULL,
)
Request URL: /sisventas/css/jquery-ui.css
Stack Trace:
#0 C:\xampp\htdocs\sisventas\app\webroot\index.php(111): Dispatcher->dispatch(Object(CakeRequest), Object(CakeResponse))
#1 {main}
2016-08-15 07:47:24 Error: [MissingControllerException] Controller class JsController could not be found.
Exception Attributes: array (
  'class' => 'JsController',
  'plugin' => NULL,
)
Request URL: /sisventas/js/plugins/switchery/dist/switchery.min.js
Stack Trace:
#0 C:\xampp\htdocs\sisventas\app\webroot\index.php(111): Dispatcher->dispatch(Object(CakeRequest), Object(CakeResponse))
#1 {main}
2016-08-15 07:47:24 Error: [MissingControllerException] Controller class JsController could not be found.
Exception Attributes: array (
  'class' => 'JsController',
  'plugin' => NULL,
)
Request URL: /sisventas/js/jquery-ui.js
Stack Trace:
#0 C:\xampp\htdocs\sisventas\app\webroot\index.php(111): Dispatcher->dispatch(Object(CakeRequest), Object(CakeResponse))
#1 {main}
2016-08-15 07:47:24 Error: [MissingControllerException] Controller class JsController could not be found.
Exception Attributes: array (
  'class' => 'JsController',
  'plugin' => NULL,
)
Request URL: /sisventas/js/plugins/switchery/dist/switchery.min.js
Stack Trace:
#0 C:\xampp\htdocs\sisventas\app\webroot\index.php(111): Dispatcher->dispatch(Object(CakeRequest), Object(CakeResponse))
#1 {main}
2016-08-15 07:49:31 Error: [MissingControllerException] Controller class CssController could not be found.
Exception Attributes: array (
  'class' => 'CssController',
  'plugin' => NULL,
)
Request URL: /sisventas/css/jquery-ui.theme.css
Stack Trace:
#0 C:\xampp\htdocs\sisventas\app\webroot\index.php(111): Dispatcher->dispatch(Object(CakeRequest), Object(CakeResponse))
#1 {main}
2016-08-15 07:49:31 Error: [MissingControllerException] Controller class CssController could not be found.
Exception Attributes: array (
  'class' => 'CssController',
  'plugin' => NULL,
)
Request URL: /sisventas/css/jquery-ui.css
Stack Trace:
#0 C:\xampp\htdocs\sisventas\app\webroot\index.php(111): Dispatcher->dispatch(Object(CakeRequest), Object(CakeResponse))
#1 {main}
2016-08-15 07:49:31 Error: [MissingControllerException] Controller class JsController could not be found.
Exception Attributes: array (
  'class' => 'JsController',
  'plugin' => NULL,
)
Request URL: /sisventas/js/jquery-ui.js
Stack Trace:
#0 C:\xampp\htdocs\sisventas\app\webroot\index.php(111): Dispatcher->dispatch(Object(CakeRequest), Object(CakeResponse))
#1 {main}
2016-08-15 07:49:31 Error: [MissingControllerException] Controller class CssController could not be found.
Exception Attributes: array (
  'class' => 'CssController',
  'plugin' => NULL,
)
Request URL: /sisventas/css/plugins/switchery/dist/switchery.min.css
Stack Trace:
#0 C:\xampp\htdocs\sisventas\app\webroot\index.php(111): Dispatcher->dispatch(Object(CakeRequest), Object(CakeResponse))
#1 {main}
2016-08-15 07:49:31 Error: [MissingControllerException] Controller class JsController could not be found.
Exception Attributes: array (
  'class' => 'JsController',
  'plugin' => NULL,
)
Request URL: /sisventas/js/plugins/switchery/dist/switchery.min.js
Stack Trace:
#0 C:\xampp\htdocs\sisventas\app\webroot\index.php(111): Dispatcher->dispatch(Object(CakeRequest), Object(CakeResponse))
#1 {main}
2016-08-15 07:49:36 Error: Fatal Error (1): Call to a member function allow() on null in [C:\xampp\htdocs\sisventas\app\Controller\UsersController.php, line 9]
2016-08-15 07:49:36 Error: [FatalErrorException] Call to a member function allow() on null
Request URL: /sisventas/users
Stack Trace:
#0 C:\xampp\htdocs\sisventas\lib\Cake\Error\ErrorHandler.php(213): ErrorHandler::handleFatalError(1, 'Call to a membe...', 'C:\\xampp\\htdocs...', 9)
#1 [internal function]: ErrorHandler::handleError(1, 'Call to a membe...', 'C:\\xampp\\htdocs...', 9, Array)
#2 C:\xampp\htdocs\sisventas\lib\Cake\Core\App.php(970): call_user_func('ErrorHandler::h...', 1, 'Call to a membe...', 'C:\\xampp\\htdocs...', 9, Array)
#3 C:\xampp\htdocs\sisventas\lib\Cake\Core\App.php(943): App::_checkFatalError()
#4 [internal function]: App::shutdown()
#5 {main}
2016-08-15 07:50:12 Error: [MissingViewException] View file "Users\index.ctp" is missing.
Exception Attributes: array (
  'file' => 'Users\\index.ctp',
)
Request URL: /sisventas/users
Stack Trace:
#0 C:\xampp\htdocs\sisventas\lib\Cake\View\View.php(470): View->_getViewFileName(NULL)
#1 C:\xampp\htdocs\sisventas\lib\Cake\Controller\Controller.php(963): View->render(NULL, NULL)
#2 C:\xampp\htdocs\sisventas\lib\Cake\Routing\Dispatcher.php(200): Controller->render()
#3 C:\xampp\htdocs\sisventas\lib\Cake\Routing\Dispatcher.php(167): Dispatcher->_invoke(Object(UsersController), Object(CakeRequest))
#4 C:\xampp\htdocs\sisventas\app\webroot\index.php(111): Dispatcher->dispatch(Object(CakeRequest), Object(CakeResponse))
#5 {main}
2016-08-15 07:53:20 Error: [MissingControllerException] Controller class CssController could not be found.
Exception Attributes: array (
  'class' => 'CssController',
  'plugin' => NULL,
)
Request URL: /sisventas/css/jquery-ui.theme.css
Stack Trace:
#0 C:\xampp\htdocs\sisventas\app\webroot\index.php(111): Dispatcher->dispatch(Object(CakeRequest), Object(CakeResponse))
#1 {main}
2016-08-15 07:53:20 Error: [MissingControllerException] Controller class CssController could not be found.
Exception Attributes: array (
  'class' => 'CssController',
  'plugin' => NULL,
)
Request URL: /sisventas/css/jquery-ui.css
Stack Trace:
#0 C:\xampp\htdocs\sisventas\app\webroot\index.php(111): Dispatcher->dispatch(Object(CakeRequest), Object(CakeResponse))
#1 {main}
2016-08-15 07:53:20 Error: [MissingControllerException] Controller class JsController could not be found.
Exception Attributes: array (
  'class' => 'JsController',
  'plugin' => NULL,
)
Request URL: /sisventas/js/plugins/switchery/dist/switchery.min.js
Stack Trace:
#0 C:\xampp\htdocs\sisventas\app\webroot\index.php(111): Dispatcher->dispatch(Object(CakeRequest), Object(CakeResponse))
#1 {main}
2016-08-15 07:53:20 Error: [MissingControllerException] Controller class CssController could not be found.
Exception Attributes: array (
  'class' => 'CssController',
  'plugin' => NULL,
)
Request URL: /sisventas/css/plugins/switchery/dist/switchery.min.css
Stack Trace:
#0 C:\xampp\htdocs\sisventas\app\webroot\index.php(111): Dispatcher->dispatch(Object(CakeRequest), Object(CakeResponse))
#1 {main}
2016-08-15 07:53:20 Error: [MissingControllerException] Controller class JsController could not be found.
Exception Attributes: array (
  'class' => 'JsController',
  'plugin' => NULL,
)
Request URL: /sisventas/js/jquery-ui.js
Stack Trace:
#0 C:\xampp\htdocs\sisventas\app\webroot\index.php(111): Dispatcher->dispatch(Object(CakeRequest), Object(CakeResponse))
#1 {main}
2016-08-15 07:53:20 Error: [MissingControllerException] Controller class JsController could not be found.
Exception Attributes: array (
  'class' => 'JsController',
  'plugin' => NULL,
)
Request URL: /sisventas/js/jquery-ui.js
Stack Trace:
#0 C:\xampp\htdocs\sisventas\app\webroot\index.php(111): Dispatcher->dispatch(Object(CakeRequest), Object(CakeResponse))
#1 {main}
2016-08-15 07:53:21 Error: [MissingControllerException] Controller class JsController could not be found.
Exception Attributes: array (
  'class' => 'JsController',
  'plugin' => NULL,
)
Request URL: /sisventas/js/plugins/switchery/dist/switchery.min.js
Stack Trace:
#0 C:\xampp\htdocs\sisventas\app\webroot\index.php(111): Dispatcher->dispatch(Object(CakeRequest), Object(CakeResponse))
#1 {main}
2016-08-15 07:53:47 Error: [MissingControllerException] Controller class CssController could not be found.
Exception Attributes: array (
  'class' => 'CssController',
  'plugin' => NULL,
)
Request URL: /sisventas/css/jquery-ui.css
Stack Trace:
#0 C:\xampp\htdocs\sisventas\app\webroot\index.php(111): Dispatcher->dispatch(Object(CakeRequest), Object(CakeResponse))
#1 {main}
2016-08-15 07:53:47 Error: [MissingControllerException] Controller class CssController could not be found.
Exception Attributes: array (
  'class' => 'CssController',
  'plugin' => NULL,
)
Request URL: /sisventas/css/jquery-ui.theme.css
Stack Trace:
#0 C:\xampp\htdocs\sisventas\app\webroot\index.php(111): Dispatcher->dispatch(Object(CakeRequest), Object(CakeResponse))
#1 {main}
2016-08-15 07:53:47 Error: [MissingControllerException] Controller class JsController could not be found.
Exception Attributes: array (
  'class' => 'JsController',
  'plugin' => NULL,
)
Request URL: /sisventas/js/jquery-ui.js
Stack Trace:
#0 C:\xampp\htdocs\sisventas\app\webroot\index.php(111): Dispatcher->dispatch(Object(CakeRequest), Object(CakeResponse))
#1 {main}
2016-08-15 07:53:47 Error: [MissingControllerException] Controller class CssController could not be found.
Exception Attributes: array (
  'class' => 'CssController',
  'plugin' => NULL,
)
Request URL: /sisventas/css/plugins/switchery/dist/switchery.min.css
Stack Trace:
#0 C:\xampp\htdocs\sisventas\app\webroot\index.php(111): Dispatcher->dispatch(Object(CakeRequest), Object(CakeResponse))
#1 {main}
2016-08-15 07:53:47 Error: [MissingControllerException] Controller class JsController could not be found.
Exception Attributes: array (
  'class' => 'JsController',
  'plugin' => NULL,
)
Request URL: /sisventas/js/plugins/switchery/dist/switchery.min.js
Stack Trace:
#0 C:\xampp\htdocs\sisventas\app\webroot\index.php(111): Dispatcher->dispatch(Object(CakeRequest), Object(CakeResponse))
#1 {main}
2016-08-15 07:53:47 Error: [MissingControllerException] Controller class JsController could not be found.
Exception Attributes: array (
  'class' => 'JsController',
  'plugin' => NULL,
)
Request URL: /sisventas/js/jquery-ui.js
Stack Trace:
#0 C:\xampp\htdocs\sisventas\app\webroot\index.php(111): Dispatcher->dispatch(Object(CakeRequest), Object(CakeResponse))
#1 {main}
2016-08-15 07:53:47 Error: [MissingControllerException] Controller class JsController could not be found.
Exception Attributes: array (
  'class' => 'JsController',
  'plugin' => NULL,
)
Request URL: /sisventas/js/plugins/switchery/dist/switchery.min.js
Stack Trace:
#0 C:\xampp\htdocs\sisventas\app\webroot\index.php(111): Dispatcher->dispatch(Object(CakeRequest), Object(CakeResponse))
#1 {main}
2016-08-15 16:12:17 Error: [MissingControllerException] Controller class CssController could not be found.
Exception Attributes: array (
  'class' => 'CssController',
  'plugin' => NULL,
)
Request URL: /sisventas/css/jquery-ui.css
Stack Trace:
#0 C:\xampp\htdocs\sisventas\app\webroot\index.php(111): Dispatcher->dispatch(Object(CakeRequest), Object(CakeResponse))
#1 {main}
2016-08-15 16:12:17 Error: [MissingControllerException] Controller class CssController could not be found.
Exception Attributes: array (
  'class' => 'CssController',
  'plugin' => NULL,
)
Request URL: /sisventas/css/jquery-ui.theme.css
Stack Trace:
#0 C:\xampp\htdocs\sisventas\app\webroot\index.php(111): Dispatcher->dispatch(Object(CakeRequest), Object(CakeResponse))
#1 {main}
2016-08-15 16:12:17 Error: [MissingControllerException] Controller class CssController could not be found.
Exception Attributes: array (
  'class' => 'CssController',
  'plugin' => NULL,
)
Request URL: /sisventas/css/plugins/switchery/dist/switchery.min.css
Stack Trace:
#0 C:\xampp\htdocs\sisventas\app\webroot\index.php(111): Dispatcher->dispatch(Object(CakeRequest), Object(CakeResponse))
#1 {main}
2016-08-15 16:12:17 Error: [MissingControllerException] Controller class JsController could not be found.
Exception Attributes: array (
  'class' => 'JsController',
  'plugin' => NULL,
)
Request URL: /sisventas/js/plugins/switchery/dist/switchery.min.js
Stack Trace:
#0 C:\xampp\htdocs\sisventas\app\webroot\index.php(111): Dispatcher->dispatch(Object(CakeRequest), Object(CakeResponse))
#1 {main}
2016-08-15 16:12:17 Error: [MissingControllerException] Controller class JsController could not be found.
Exception Attributes: array (
  'class' => 'JsController',
  'plugin' => NULL,
)
Request URL: /sisventas/js/jquery-ui.js
Stack Trace:
#0 C:\xampp\htdocs\sisventas\app\webroot\index.php(111): Dispatcher->dispatch(Object(CakeRequest), Object(CakeResponse))
#1 {main}
2016-08-15 16:12:18 Error: [MissingControllerException] Controller class JsController could not be found.
Exception Attributes: array (
  'class' => 'JsController',
  'plugin' => NULL,
)
Request URL: /sisventas/js/plugins/switchery/dist/switchery.min.js
Stack Trace:
#0 C:\xampp\htdocs\sisventas\app\webroot\index.php(111): Dispatcher->dispatch(Object(CakeRequest), Object(CakeResponse))
#1 {main}
2016-08-26 05:46:11 Error: Fatal Error (1): Call to a member function execute() on null in [C:\xampp\htdocs\sisventas\app\View\Elements\Sql.php, line 29]
2016-08-26 05:46:11 Error: [FatalErrorException] Call to a member function execute() on null
Request URL: /sisventas/modulos
Stack Trace:
#0 C:\xampp\htdocs\sisventas\lib\Cake\Error\ErrorHandler.php(213): ErrorHandler::handleFatalError(1, 'Call to a membe...', 'C:\\xampp\\htdocs...', 29)
#1 [internal function]: ErrorHandler::handleError(1, 'Call to a membe...', 'C:\\xampp\\htdocs...', 29, Array)
#2 C:\xampp\htdocs\sisventas\lib\Cake\Core\App.php(970): call_user_func('ErrorHandler::h...', 1, 'Call to a membe...', 'C:\\xampp\\htdocs...', 29, Array)
#3 C:\xampp\htdocs\sisventas\lib\Cake\Core\App.php(943): App::_checkFatalError()
#4 [internal function]: App::shutdown()
#5 {main}
2016-08-26 05:50:15 Error: [MissingHelperException] Helper class sidebarHelper could not be found.
Exception Attributes: array (
  'class' => 'sidebarHelper',
  'plugin' => false,
)
Request URL: /sisventas/modulos
Stack Trace:
#0 C:\xampp\htdocs\sisventas\lib\Cake\View\HelperCollection.php(63): HelperCollection->load('sidebar')
#1 C:\xampp\htdocs\sisventas\lib\Cake\View\View.php(858): HelperCollection->__isset('sidebar')
#2 C:\xampp\htdocs\sisventas\app\View\Elements\menu.ctp(35): View->__get('sidebar')
#3 C:\xampp\htdocs\sisventas\lib\Cake\View\View.php(971): include('C:\\xampp\\htdocs...')
#4 C:\xampp\htdocs\sisventas\lib\Cake\View\View.php(933): View->_evaluate('C:\\xampp\\htdocs...', Array)
#5 C:\xampp\htdocs\sisventas\lib\Cake\View\View.php(1224): View->_render('C:\\xampp\\htdocs...', Array)
#6 C:\xampp\htdocs\sisventas\lib\Cake\View\View.php(418): View->_renderElement('C:\\xampp\\htdocs...', Array, Array)
#7 C:\xampp\htdocs\sisventas\app\View\Layouts\default.ctp(32): View->element('menu')
#8 C:\xampp\htdocs\sisventas\lib\Cake\View\View.php(971): include('C:\\xampp\\htdocs...')
#9 C:\xampp\htdocs\sisventas\lib\Cake\View\View.php(933): View->_evaluate('C:\\xampp\\htdocs...', Array)
#10 C:\xampp\htdocs\sisventas\lib\Cake\View\View.php(546): View->_render('C:\\xampp\\htdocs...')
#11 C:\xampp\htdocs\sisventas\lib\Cake\View\View.php(481): View->renderLayout('', 'default')
#12 C:\xampp\htdocs\sisventas\lib\Cake\Controller\Controller.php(963): View->render(NULL, NULL)
#13 C:\xampp\htdocs\sisventas\lib\Cake\Routing\Dispatcher.php(200): Controller->render()
#14 C:\xampp\htdocs\sisventas\lib\Cake\Routing\Dispatcher.php(167): Dispatcher->_invoke(Object(ModulosController), Object(CakeRequest))
#15 C:\xampp\htdocs\sisventas\app\webroot\index.php(111): Dispatcher->dispatch(Object(CakeRequest), Object(CakeResponse))
#16 {main}
2016-08-26 05:57:15 Error: [MissingControllerException] Controller class Data.htmlController could not be found.
Exception Attributes: array (
  'class' => 'Data.htmlController',
  'plugin' => NULL,
)
Request URL: /sisventas/data.html
Stack Trace:
#0 C:\xampp\htdocs\sisventas\app\webroot\index.php(111): Dispatcher->dispatch(Object(CakeRequest), Object(CakeResponse))
#1 {main}
2016-08-26 05:58:26 Error: [MissingControllerException] Controller class Data.htmlController could not be found.
Exception Attributes: array (
  'class' => 'Data.htmlController',
  'plugin' => NULL,
)
Request URL: /sisventas/data.html
Stack Trace:
#0 C:\xampp\htdocs\sisventas\app\webroot\index.php(111): Dispatcher->dispatch(Object(CakeRequest), Object(CakeResponse))
#1 {main}
